[2022-04-07 16:21:25,610] INFO [emails.views:102] the email sent to sarboland@email.com by sarboland@email.com
[2022-04-07 16:21:25,611] INFO [emails.views:110] The email sent to sarboland@email.com by sarboland@email.com
[2022-04-11 20:46:58,576] INFO [emails.views:102] the email sent to sarboland@email.com by sarboland@email.com
[2022-04-11 20:46:58,606] INFO [emails.views:110] The email sent to sarboland@email.com by sarboland@email.com
[2022-04-11 22:19:29,249] INFO [emails.views:425] Email author: sarboland@email.com subject: Nastaran moved to trash by sarboland@email.com
[2022-04-11 22:19:36,239] INFO [emails.views:425] Email author: yousefi@email.com subject: Hello Afsaneh moved to trash by sarboland@email.com
[2022-04-11 22:19:47,037] INFO [emails.views:425] Email author: sarboland@email.com subject: Hello world moved to trash by sarboland@email.com
[2022-04-11 22:19:54,098] INFO [emails.views:425] Email author: sarboland@email.com subject:  moved to trash by sarboland@email.com
[2022-04-11 22:20:01,319] INFO [emails.views:425] Email author: sarboland@email.com subject: Hello Zeynab moved to trash by sarboland@email.com
[2022-04-11 22:20:09,202] INFO [emails.views:425] Email author: sarboland@email.com subject: We are amazing!!! :))) moved to trash by sarboland@email.com
[2022-04-11 22:20:18,471] INFO [emails.views:425] Email author: sarboland@email.com subject: newwwwwwwwwwwwwwwwwwwwww moved to trash by sarboland@email.com
[2022-04-11 22:20:27,497] INFO [emails.views:425] Email author: sarboland@email.com subject: jjjjjjjjjj moved to trash by sarboland@email.com
[2022-04-11 22:20:35,860] INFO [emails.views:425] Email author: sarboland@email.com subject: Hello Zeynab!!!!!!!!!!!!!!!!!!!!!!!!!!!!!!!!!!!!!!! moved to trash by sarboland@email.com
[2022-04-11 22:20:47,844] INFO [emails.views:425] Email author: sarboland@email.com subject: Hello Zeynab!!!!!!!!!!!!!!!!!!!!!!!!!!!!!!!!!!!!!!! moved to trash by sarboland@email.com
[2022-04-11 22:20:53,953] INFO [emails.views:425] Email author: sarboland@email.com subject: We are amazing!!! :))) moved to trash by sarboland@email.com
[2022-04-11 22:20:59,926] INFO [emails.views:425] Email author: sarboland@email.com subject: hhhhhhhh moved to trash by sarboland@email.com
[2022-04-12 18:50:48,360] INFO [emails.views:572] User sarboland@email.com searched h
[2022-04-12 18:50:48,509] INFO [emails.views:572] User sarboland@email.com searched hi
[2022-04-12 18:50:48,904] INFO [emails.views:572] User sarboland@email.com searched hi
[2022-04-12 18:50:52,922] INFO [emails.views:572] User sarboland@email.com searched h
[2022-04-12 18:50:53,283] INFO [emails.views:572] User sarboland@email.com searched hi
[2022-04-12 18:52:17,995] INFO [emails.views:572] User sarboland@email.com searched s
[2022-04-12 18:52:18,184] INFO [emails.views:572] User sarboland@email.com searched sa
[2022-04-12 18:52:18,538] INFO [emails.views:572] User sarboland@email.com searched say
[2022-04-12 18:53:07,155] INFO [emails.views:572] User sarboland@email.com searched s
[2022-04-12 18:53:07,332] INFO [emails.views:572] User sarboland@email.com searched sa
[2022-04-12 18:53:07,385] INFO [emails.views:572] User sarboland@email.com searched say
[2022-04-12 18:53:13,417] INFO [emails.views:572] User sarboland@email.com searched a
[2022-04-12 18:53:13,554] INFO [emails.views:572] User sarboland@email.com searched am
[2022-04-12 18:53:13,621] INFO [emails.views:572] User sarboland@email.com searched ama
[2022-04-12 18:53:14,132] INFO [emails.views:572] User sarboland@email.com searched amaz
[2022-04-12 18:53:14,336] INFO [emails.views:572] User sarboland@email.com searched amazi
[2022-04-12 18:53:14,684] INFO [emails.views:572] User sarboland@email.com searched amazin
[2022-04-12 18:53:14,829] INFO [emails.views:572] User sarboland@email.com searched amazing
[2022-04-12 18:53:30,508] INFO [emails.views:572] User sarboland@email.com searched amazing
[2022-04-12 18:53:33,425] INFO [emails.views:572] User sarboland@email.com searched a
[2022-04-12 18:53:33,851] INFO [emails.views:572] User sarboland@email.com searched at
[2022-04-12 18:53:34,031] INFO [emails.views:572] User sarboland@email.com searched att
[2022-04-12 18:53:34,206] INFO [emails.views:572] User sarboland@email.com searched atta
[2022-04-12 18:53:35,154] INFO [emails.views:572] User sarboland@email.com searched attac
[2022-04-12 18:53:35,308] INFO [emails.views:572] User sarboland@email.com searched attach
[2022-04-12 18:53:36,077] INFO [emails.views:572] User sarboland@email.com searched attachm
[2022-04-12 18:53:36,404] INFO [emails.views:572] User sarboland@email.com searched attachme
[2022-04-12 18:53:36,623] INFO [emails.views:572] User sarboland@email.com searched attachmen
[2022-04-12 18:53:37,577] INFO [emails.views:572] User sarboland@email.com searched attachment
[2022-04-12 18:54:06,457] INFO [emails.views:572] User sarboland@email.com searched z
[2022-04-12 18:54:06,831] INFO [emails.views:572] User sarboland@email.com searched ze
[2022-04-12 18:54:07,337] INFO [emails.views:572] User sarboland@email.com searched zey
[2022-04-12 18:54:07,589] INFO [emails.views:572] User sarboland@email.com searched zeyn
[2022-04-12 18:54:07,689] INFO [emails.views:572] User sarboland@email.com searched zeyna
[2022-04-12 18:54:07,957] INFO [emails.views:572] User sarboland@email.com searched zeynab
[2022-04-12 18:54:09,181] INFO [emails.views:572] User sarboland@email.com searched zeynab
[2022-04-12 18:54:11,834] INFO [emails.views:572] User sarboland@email.com searched z
[2022-04-12 18:54:12,151] INFO [emails.views:572] User sarboland@email.com searched ze
[2022-04-12 18:54:12,602] INFO [emails.views:572] User sarboland@email.com searched zey
[2022-04-12 18:54:13,551] INFO [emails.views:572] User sarboland@email.com searched zeyn
[2022-04-12 18:54:13,707] INFO [emails.views:572] User sarboland@email.com searched zeyna
[2022-04-12 18:54:14,486] INFO [emails.views:572] User sarboland@email.com searched zeynab
[2022-04-12 18:56:27,165] INFO [emails.views:572] User sarboland@email.com searched H
[2022-04-12 18:56:27,250] INFO [emails.views:572] User sarboland@email.com searched H
[2022-04-12 18:56:28,379] INFO [emails.views:572] User sarboland@email.com searched He
[2022-04-12 18:56:28,627] INFO [emails.views:572] User sarboland@email.com searched Hel
[2022-04-12 18:56:28,865] INFO [emails.views:572] User sarboland@email.com searched Hell
[2022-04-12 18:56:29,304] INFO [emails.views:572] User sarboland@email.com searched Hello
[2022-04-12 18:56:31,198] INFO [emails.views:572] User sarboland@email.com searched Hello
[2022-04-12 18:56:34,755] INFO [emails.views:572] User sarboland@email.com searched h
[2022-04-12 18:56:35,067] INFO [emails.views:572] User sarboland@email.com searched he
[2022-04-12 18:56:35,289] INFO [emails.views:572] User sarboland@email.com searched hel
[2022-04-12 18:56:35,376] INFO [emails.views:572] User sarboland@email.com searched hell
[2022-04-12 18:56:35,743] INFO [emails.views:572] User sarboland@email.com searched hello
[2022-04-12 18:57:17,379] INFO [emails.views:572] User sarboland@email.com searched a
[2022-04-12 18:57:17,854] INFO [emails.views:572] User sarboland@email.com searched at
[2022-04-12 18:57:18,100] INFO [emails.views:572] User sarboland@email.com searched att
[2022-04-12 18:57:18,986] INFO [emails.views:572] User sarboland@email.com searched atta
[2022-04-12 18:57:19,788] INFO [emails.views:572] User sarboland@email.com searched attac
[2022-04-12 18:57:20,075] INFO [emails.views:572] User sarboland@email.com searched attach
[2022-04-12 18:57:20,650] INFO [emails.views:572] User sarboland@email.com searched attachm
[2022-04-12 18:57:20,851] INFO [emails.views:572] User sarboland@email.com searched attachme
[2022-04-12 18:57:20,995] INFO [emails.views:572] User sarboland@email.com searched attachmen
[2022-04-12 18:57:21,425] INFO [emails.views:572] User sarboland@email.com searched attachment
[2022-04-12 18:58:57,929] INFO [emails.views:572] User sarboland@email.com searched g
[2022-04-12 18:58:58,267] INFO [emails.views:572] User sarboland@email.com searched go
[2022-04-12 18:58:58,664] INFO [emails.views:572] User sarboland@email.com searched goo
[2022-04-12 18:58:59,538] INFO [emails.views:572] User sarboland@email.com searched good
[2022-04-12 18:59:00,015] INFO [emails.views:572] User sarboland@email.com searched goodb
[2022-04-12 18:59:00,682] INFO [emails.views:572] User sarboland@email.com searched goodby
[2022-04-12 18:59:01,219] INFO [emails.views:572] User sarboland@email.com searched goodbye
[2022-04-12 19:02:07,711] INFO [emails.views:572] User sarboland@email.com searched h
[2022-04-12 19:02:08,043] INFO [emails.views:572] User sarboland@email.com searched hi
[2022-04-12 19:03:16,935] INFO [emails.views:572] User sarboland@email.com searched h
[2022-04-12 19:03:17,061] INFO [emails.views:572] User sarboland@email.com searched hi
[2022-04-12 19:04:48,208] INFO [emails.views:572] User sarboland@email.com searched h
[2022-04-12 19:04:48,327] INFO [emails.views:572] User sarboland@email.com searched hi
[2022-04-12 19:06:59,209] INFO [emails.views:572] User sarboland@email.com searched h
[2022-04-12 19:06:59,566] INFO [emails.views:572] User sarboland@email.com searched hi
[2022-04-12 19:07:01,034] INFO [emails.views:572] User sarboland@email.com searched hi
[2022-04-12 19:07:03,179] INFO [emails.views:572] User sarboland@email.com searched h
[2022-04-12 19:07:03,613] INFO [emails.views:572] User sarboland@email.com searched hi
[2022-04-12 19:07:05,389] INFO [emails.views:572] User sarboland@email.com searched h
[2022-04-12 19:07:06,840] INFO [emails.views:572] User sarboland@email.com searched h
[2022-04-12 19:07:07,021] INFO [emails.views:572] User sarboland@email.com searched he
[2022-04-12 19:07:07,410] INFO [emails.views:572] User sarboland@email.com searched hel
[2022-04-12 19:07:07,532] INFO [emails.views:572] User sarboland@email.com searched hell
[2022-04-12 19:07:08,174] INFO [emails.views:572] User sarboland@email.com searched hello
[2022-04-12 19:07:39,449] INFO [emails.views:572] User sarboland@email.com searched hello
[2022-04-12 19:07:39,590] INFO [emails.views:572] User sarboland@email.com searched hello
[2022-04-12 19:07:41,633] INFO [emails.views:572] User sarboland@email.com searched h
[2022-04-12 19:07:42,113] INFO [emails.views:572] User sarboland@email.com searched hi
[2022-04-12 19:09:11,528] INFO [emails.views:572] User sarboland@email.com searched hi
[2022-04-12 19:09:11,589] INFO [emails.views:572] User sarboland@email.com searched hi
[2022-04-12 19:09:13,524] INFO [emails.views:572] User sarboland@email.com searched h
[2022-04-12 19:09:13,789] INFO [emails.views:572] User sarboland@email.com searched hi
[2022-04-12 19:09:20,829] INFO [emails.views:572] User sarboland@email.com searched h
[2022-04-12 19:09:23,559] INFO [emails.views:572] User sarboland@email.com searched s
[2022-04-12 19:09:25,258] INFO [emails.views:572] User sarboland@email.com searched sa
[2022-04-12 19:09:25,960] INFO [emails.views:572] User sarboland@email.com searched sal
[2022-04-12 19:09:26,164] INFO [emails.views:572] User sarboland@email.com searched sala
[2022-04-12 19:09:26,406] INFO [emails.views:572] User sarboland@email.com searched salam
[2022-04-12 19:09:30,601] INFO [emails.views:572] User sarboland@email.com searched h
[2022-04-12 19:09:30,908] INFO [emails.views:572] User sarboland@email.com searched he
[2022-04-12 19:09:31,366] INFO [emails.views:572] User sarboland@email.com searched hel
[2022-04-12 19:09:31,541] INFO [emails.views:572] User sarboland@email.com searched hell
[2022-04-12 19:09:32,044] INFO [emails.views:572] User sarboland@email.com searched hello
[2022-04-12 23:58:27,633] INFO [emails.views:572] User sarboland@email.com searched h
[2022-04-12 23:58:27,930] INFO [emails.views:572] User sarboland@email.com searched hi
[2022-04-12 23:58:28,427] INFO [emails.views:572] User sarboland@email.com searched hi
[2022-04-12 23:58:30,878] INFO [emails.views:572] User sarboland@email.com searched h
[2022-04-12 23:58:31,050] INFO [emails.views:572] User sarboland@email.com searched hi
[2022-04-12 23:58:33,017] INFO [emails.views:572] User sarboland@email.com searched h
[2022-04-12 23:58:33,508] INFO [emails.views:572] User sarboland@email.com searched he
[2022-04-12 23:58:33,846] INFO [emails.views:572] User sarboland@email.com searched hek
[2022-04-12 23:58:34,051] INFO [emails.views:572] User sarboland@email.com searched hekk
[2022-04-12 23:58:34,503] INFO [emails.views:572] User sarboland@email.com searched hek
[2022-04-12 23:58:34,734] INFO [emails.views:572] User sarboland@email.com searched he
[2022-04-12 23:58:35,295] INFO [emails.views:572] User sarboland@email.com searched hel
[2022-04-12 23:58:35,448] INFO [emails.views:572] User sarboland@email.com searched hell
[2022-04-12 23:58:35,786] INFO [emails.views:572] User sarboland@email.com searched hello
[2022-04-13 00:01:10,891] INFO [emails.views:572] User sarboland@email.com searched hello
[2022-04-13 00:01:11,014] INFO [emails.views:572] User sarboland@email.com searched hello
[2022-04-13 00:01:13,451] INFO [emails.views:572] User sarboland@email.com searched h
[2022-04-13 00:01:13,733] INFO [emails.views:572] User sarboland@email.com searched hi
[2022-04-13 00:01:19,158] INFO [emails.views:572] User sarboland@email.com searched h
[2022-04-13 00:01:19,643] INFO [emails.views:572] User sarboland@email.com searched he
[2022-04-13 00:01:19,978] INFO [emails.views:572] User sarboland@email.com searched hel
[2022-04-13 00:01:20,159] INFO [emails.views:572] User sarboland@email.com searched hell
[2022-04-13 00:01:20,733] INFO [emails.views:572] User sarboland@email.com searched hello
[2022-04-13 00:01:21,360] INFO [emails.views:572] User sarboland@email.com searched hello
[2022-04-13 00:01:25,180] INFO [emails.views:572] User sarboland@email.com searched h
[2022-04-13 00:01:25,637] INFO [emails.views:572] User sarboland@email.com searched he
[2022-04-13 00:01:25,812] INFO [emails.views:572] User sarboland@email.com searched hel
[2022-04-13 00:01:26,017] INFO [emails.views:572] User sarboland@email.com searched hell
[2022-04-13 00:01:26,247] INFO [emails.views:572] User sarboland@email.com searched hello
[2022-04-13 00:02:00,669] INFO [emails.views:572] User sarboland@email.com searched hello
[2022-04-13 00:02:01,009] INFO [emails.views:572] User sarboland@email.com searched hello
[2022-04-13 00:02:08,346] INFO [emails.views:572] User sarboland@email.com searched h
[2022-04-13 00:02:09,209] INFO [emails.views:572] User sarboland@email.com searched hi
[2022-04-13 00:02:31,475] INFO [emails.views:572] User sarboland@email.com searched h
[2022-04-13 00:02:32,864] INFO [emails.views:572] User sarboland@email.com searched g
[2022-04-13 00:02:33,615] INFO [emails.views:572] User sarboland@email.com searched go
[2022-04-13 00:02:33,808] INFO [emails.views:572] User sarboland@email.com searched goo
[2022-04-13 00:02:34,215] INFO [emails.views:572] User sarboland@email.com searched good
[2022-04-13 00:02:36,174] INFO [emails.views:572] User sarboland@email.com searched goodb
[2022-04-13 00:02:36,889] INFO [emails.views:572] User sarboland@email.com searched goodby
[2022-04-13 00:02:36,996] INFO [emails.views:572] User sarboland@email.com searched goodbye
[2022-04-13 00:04:09,490] INFO [emails.views:572] User sarboland@email.com searched a
[2022-04-13 00:04:09,645] INFO [emails.views:572] User sarboland@email.com searched at
[2022-04-13 00:04:09,865] INFO [emails.views:572] User sarboland@email.com searched att
[2022-04-13 00:04:10,078] INFO [emails.views:572] User sarboland@email.com searched atta
[2022-04-13 00:04:11,771] INFO [emails.views:572] User sarboland@email.com searched attachment
[2022-04-13 00:04:13,975] INFO [emails.views:572] User sarboland@email.com searched attachmen
[2022-04-13 00:04:16,245] INFO [emails.views:572] User sarboland@email.com searched attachme
[2022-04-13 00:04:16,402] INFO [emails.views:572] User sarboland@email.com searched attachm
[2022-04-13 00:04:16,613] INFO [emails.views:572] User sarboland@email.com searched attach
[2022-04-13 00:04:16,711] INFO [emails.views:572] User sarboland@email.com searched attac
[2022-04-13 00:04:17,881] INFO [emails.views:572] User sarboland@email.com searched atta
[2022-04-13 00:04:18,125] INFO [emails.views:572] User sarboland@email.com searched att
[2022-04-13 00:04:18,244] INFO [emails.views:572] User sarboland@email.com searched at
[2022-04-13 00:04:18,286] INFO [emails.views:572] User sarboland@email.com searched a
[2022-04-13 00:05:25,875] INFO [emails.views:572] User sarboland@email.com searched a
[2022-04-13 00:05:25,958] INFO [emails.views:572] User sarboland@email.com searched a
[2022-04-13 00:05:28,298] INFO [emails.views:572] User sarboland@email.com searched a
[2022-04-13 00:05:28,894] INFO [emails.views:572] User sarboland@email.com searched at
[2022-04-13 00:05:29,058] INFO [emails.views:572] User sarboland@email.com searched att
[2022-04-13 00:05:29,235] INFO [emails.views:572] User sarboland@email.com searched atta
[2022-04-13 00:05:29,763] INFO [emails.views:572] User sarboland@email.com searched attas
[2022-04-13 00:05:32,104] INFO [emails.views:572] User sarboland@email.com searched atta
[2022-04-13 00:05:33,102] INFO [emails.views:572] User sarboland@email.com searched attac
[2022-04-13 00:05:33,161] INFO [emails.views:572] User sarboland@email.com searched attach
[2022-04-13 00:05:35,174] INFO [emails.views:572] User sarboland@email.com searched attachm
[2022-04-13 00:05:35,475] INFO [emails.views:572] User sarboland@email.com searched attachme
[2022-04-13 00:05:35,571] INFO [emails.views:572] User sarboland@email.com searched attachmen
[2022-04-13 00:05:35,906] INFO [emails.views:572] User sarboland@email.com searched attachment
[2022-04-13 00:07:21,613] INFO [emails.views:572] User sarboland@email.com searched a
[2022-04-13 00:07:21,869] INFO [emails.views:572] User sarboland@email.com searched at
[2022-04-13 00:07:22,079] INFO [emails.views:572] User sarboland@email.com searched att
[2022-04-13 00:07:22,410] INFO [emails.views:572] User sarboland@email.com searched atta
[2022-04-13 00:07:22,887] INFO [emails.views:572] User sarboland@email.com searched attac
[2022-04-13 00:07:23,287] INFO [emails.views:572] User sarboland@email.com searched attach
[2022-04-13 00:07:25,605] INFO [emails.views:572] User sarboland@email.com searched attach
[2022-04-13 00:13:40,930] INFO [emails.views:572] User sarboland@email.com searched a
[2022-04-13 00:13:41,144] INFO [emails.views:572] User sarboland@email.com searched at
[2022-04-13 00:13:41,241] INFO [emails.views:572] User sarboland@email.com searched att
[2022-04-13 00:13:41,541] INFO [emails.views:572] User sarboland@email.com searched atta
[2022-04-13 00:13:42,034] INFO [emails.views:572] User sarboland@email.com searched attac
[2022-04-13 00:13:42,201] INFO [emails.views:572] User sarboland@email.com searched attach
[2022-04-13 00:15:01,136] INFO [emails.views:572] User sarboland@email.com searched a
[2022-04-13 00:15:01,817] INFO [emails.views:572] User sarboland@email.com searched at
[2022-04-13 00:15:01,898] INFO [emails.views:572] User sarboland@email.com searched att
[2022-04-13 00:15:02,228] INFO [emails.views:572] User sarboland@email.com searched atta
[2022-04-13 00:17:05,743] INFO [emails.views:572] User sarboland@email.com searched h
[2022-04-13 00:17:06,028] INFO [emails.views:572] User sarboland@email.com searched hi
[2022-04-13 00:17:08,272] INFO [emails.views:572] User sarboland@email.com searched h
[2022-04-13 00:17:09,389] INFO [emails.views:572] User sarboland@email.com searched he
[2022-04-13 00:17:10,065] INFO [emails.views:572] User sarboland@email.com searched hel
[2022-04-13 00:17:10,284] INFO [emails.views:572] User sarboland@email.com searched hell
[2022-04-13 00:17:11,671] INFO [emails.views:572] User sarboland@email.com searched hello
[2022-04-13 11:08:25,953] INFO [emails.views:102] the email sent to yoosefi@email.com by sarboland@email.com
[2022-04-13 11:08:26,086] INFO [emails.views:110] The email sent to yoosefi@email.com by sarboland@email.com
[2022-04-13 11:08:49,303] INFO [emails.views:572] User yoosefi@email.com searched h
[2022-04-13 11:08:49,567] INFO [emails.views:572] User yoosefi@email.com searched he
[2022-04-13 11:08:51,579] INFO [emails.views:572] User yoosefi@email.com searched hel
[2022-04-13 11:08:51,735] INFO [emails.views:572] User yoosefi@email.com searched hell
[2022-04-13 11:09:24,451] INFO [emails.views:102] the email sent to yoosefi@email.com by yoosefi@email.com
[2022-04-13 11:09:24,572] INFO [emails.views:110] The email sent to yoosefi@email.com by yoosefi@email.com
[2022-04-13 11:09:29,775] INFO [emails.views:572] User yoosefi@email.com searched z
[2022-04-13 11:09:30,131] INFO [emails.views:572] User yoosefi@email.com searched za
[2022-04-13 11:09:30,312] INFO [emails.views:572] User yoosefi@email.com searched zah
[2022-04-13 11:15:35,399] INFO [emails.views:572] User yoosefi@email.com searched a
[2022-04-13 11:15:35,730] INFO [emails.views:572] User yoosefi@email.com searched af
[2022-04-13 11:15:35,899] INFO [emails.views:572] User yoosefi@email.com searched afs
[2022-04-13 11:15:36,369] INFO [emails.views:572] User yoosefi@email.com searched afsa
[2022-04-13 11:15:37,114] INFO [emails.views:572] User yoosefi@email.com searched afsan
[2022-04-13 11:15:37,273] INFO [emails.views:572] User yoosefi@email.com searched afsane
[2022-04-13 11:15:37,401] INFO [emails.views:572] User yoosefi@email.com searched afsaneh
[2022-04-13 11:15:47,918] INFO [emails.views:572] User yoosefi@email.com searched z
[2022-04-13 11:15:48,146] INFO [emails.views:572] User yoosefi@email.com searched za
[2022-04-13 11:15:48,407] INFO [emails.views:572] User yoosefi@email.com searched zay
[2022-04-13 11:15:48,736] INFO [emails.views:572] User yoosefi@email.com searched zayn
[2022-04-13 11:15:48,954] INFO [emails.views:572] User yoosefi@email.com searched zayna
[2022-04-13 11:15:50,215] INFO [emails.views:572] User yoosefi@email.com searched zaynab
[2022-04-13 11:15:54,260] INFO [emails.views:572] User yoosefi@email.com searched h
[2022-04-13 11:15:54,445] INFO [emails.views:572] User yoosefi@email.com searched he
[2022-04-13 11:15:54,619] INFO [emails.views:572] User yoosefi@email.com searched hel
[2022-04-13 11:15:54,778] INFO [emails.views:572] User yoosefi@email.com searched hell
[2022-04-13 11:15:54,956] INFO [emails.views:572] User yoosefi@email.com searched hello
[2022-04-13 11:16:27,835] INFO [emails.views:102] the email sent to yoosefi@email.com by sarboland@email.com
[2022-04-13 11:16:27,938] INFO [emails.views:110] The email sent to yoosefi@email.com by sarboland@email.com
[2022-04-13 11:16:33,415] INFO [emails.views:572] User yoosefi@email.com searched a
[2022-04-13 11:16:33,635] INFO [emails.views:572] User yoosefi@email.com searched af
[2022-04-13 11:16:33,837] INFO [emails.views:572] User yoosefi@email.com searched afs
[2022-04-13 11:16:34,018] INFO [emails.views:572] User yoosefi@email.com searched afsa
[2022-04-13 11:16:34,759] INFO [emails.views:572] User yoosefi@email.com searched afsan
[2022-04-13 11:16:34,947] INFO [emails.views:572] User yoosefi@email.com searched afsane
[2022-04-13 11:16:35,026] INFO [emails.views:572] User yoosefi@email.com searched afsaneh
[2022-04-13 11:17:39,481] INFO [emails.views:572] User yoosefi@email.com searched a
[2022-04-13 11:17:39,745] INFO [emails.views:572] User yoosefi@email.com searched af
[2022-04-13 11:17:39,985] INFO [emails.views:572] User yoosefi@email.com searched afs
[2022-04-13 11:17:40,115] INFO [emails.views:572] User yoosefi@email.com searched afsa
[2022-04-13 11:20:02,718] INFO [emails.views:572] User yoosefi@email.com searched a
[2022-04-13 11:20:02,890] INFO [emails.views:572] User yoosefi@email.com searched af
[2022-04-13 11:20:03,136] INFO [emails.views:572] User yoosefi@email.com searched afs
[2022-04-13 11:20:03,338] INFO [emails.views:572] User yoosefi@email.com searched afsa
[2022-04-13 11:20:12,386] INFO [emails.views:572] User yoosefi@email.com searched z
[2022-04-13 11:20:12,750] INFO [emails.views:572] User yoosefi@email.com searched ze
[2022-04-13 11:20:12,879] INFO [emails.views:572] User yoosefi@email.com searched zey
[2022-04-13 11:20:13,874] INFO [emails.views:572] User yoosefi@email.com searched zeyn
[2022-04-13 11:20:14,257] INFO [emails.views:572] User yoosefi@email.com searched zeyna
[2022-04-13 11:23:39,534] INFO [emails.views:425] Email author: testuser1@email.com subject: test moved to trash by testuser1@email.com
[2022-04-13 11:43:59,421] INFO [emails.views:572] User yoosefi@email.com searched z
[2022-04-13 11:43:59,598] INFO [emails.views:572] User yoosefi@email.com searched zh
[2022-04-13 11:44:00,486] INFO [emails.views:572] User yoosefi@email.com searched z
[2022-04-13 11:44:00,793] INFO [emails.views:572] User yoosefi@email.com searched zz
[2022-04-13 11:44:01,566] INFO [emails.views:572] User yoosefi@email.com searched z
[2022-04-13 11:44:01,873] INFO [emails.views:572] User yoosefi@email.com searched za
[2022-04-13 11:44:02,810] INFO [emails.views:572] User yoosefi@email.com searched zah
[2022-04-13 11:44:03,130] INFO [emails.views:572] User yoosefi@email.com searched zahr
[2022-04-13 11:44:03,282] INFO [emails.views:572] User yoosefi@email.com searched zahra
